<?xml version="1.0" encoding="UTF-8"?>
<!-- Generated by org.testng.reporters.JUnitReportReporter -->
<testsuite skipped="0" hostname="DESKTOP-ENLG37R" name="practice.Testasmainmethod2" tests="1" failures="0" timestamp="23 Dec 2023 15:30:55 GMT" time="4.018" errors="0">
  <testcase name="Gatherdetails" time="4.018" classname="practice.Testasmainmethod2"/>
</testsuite> <!-- practice.Testasmainmethod2 -->
