<?xml version="1.0" encoding="UTF-8"?>
<!-- Generated by org.testng.reporters.JUnitReportReporter -->
<testsuite hostname="DESKTOP-ENLG37R" failures="0" tests="3" name="dataprovider.Dataprovider" time="0.009" errors="0" timestamp="2024-02-05T19:00:19 IST" skipped="0">
  <testcase classname="dataprovider.Dataprovider" name="logintest" time="0.002"/>
  <system-out/>
  <testcase classname="dataprovider.Dataprovider" name="logintest" time="0.001"/>
  <system-out/>
  <testcase classname="dataprovider.Dataprovider" name="logintest" time="0.006"/>
  <system-out/>
</testsuite> <!-- dataprovider.Dataprovider -->
