<?xml version="1.0" encoding="UTF-8"?>
<!-- Generated by org.testng.reporters.JUnitReportReporter -->
<testsuite skipped="0" hostname="DESKTOP-ENLG37R" name="parameter.Parametertest" tests="3" failures="0" timestamp="28 Nov 2023 11:49:58 GMT" time="0.011" errors="0">
  <testcase name="logintest" time="0.008" classname="parameter.Parametertest"/>
  <testcase name="logintest" time="0.002" classname="parameter.Parametertest"/>
  <testcase name="logintest" time="0.001" classname="parameter.Parametertest"/>
</testsuite> <!-- parameter.Parametertest -->
