<?xml version="1.0" encoding="UTF-8"?>
<!-- Generated by org.testng.reporters.JUnitReportReporter -->
<testsuite skipped="0" hostname="DESKTOP-ENLG37R" name="practice.Annotationtest" tests="5" failures="0" timestamp="27 Nov 2023 06:35:21 GMT" time="0.018" errors="0">
  <testcase name="loginDB" time="0.006" classname="practice.Annotationtest"/>
  <testcase name="loginBankAccount" time="0.003" classname="practice.Annotationtest"/>
  <testcase name="a_EnterUsername" time="0.002" classname="practice.Annotationtest"/>
  <testcase name="EnterPassword" time="0.003" classname="practice.Annotationtest"/>
  <testcase name="ClickLogin" time="0.004" classname="practice.Annotationtest"/>
</testsuite> <!-- practice.Annotationtest -->
