<?xml version="1.0" encoding="UTF-8"?>
<!-- Generated by org.testng.reporters.JUnitReportReporter -->
<testsuite skipped="0" hostname="DESKTOP-ENLG37R" name="practice.Itestresult" tests="5" failures="0" timestamp="29 Nov 2023 13:25:47 GMT" time="0.019" errors="0">
  <testcase name="loginDB" time="0.010" classname="practice.Itestresult"/>
  <testcase name="loginBankAccount" time="0.002" classname="practice.Itestresult"/>
  <testcase name="a_EnterUsername" time="0.003" classname="practice.Itestresult"/>
  <testcase name="EnterPassword" time="0.002" classname="practice.Itestresult"/>
  <testcase name="ClickLogin" time="0.002" classname="practice.Itestresult"/>
</testsuite> <!-- practice.Itestresult -->
