<?xml version="1.0" encoding="UTF-8"?>
<!-- Generated by org.testng.reporters.JUnitReportReporter -->
<testsuite skipped="0" hostname="DESKTOP-ENLG37R" name="retryanaliser.RetryTest1" tests="1" failures="0" timestamp="01 Dec 2023 14:57:04 GMT" time="3.016" errors="0">
  <testcase name="logintest" time="3.016" classname="retryanaliser.RetryTest1"/>
</testsuite> <!-- retryanaliser.RetryTest1 -->
