<?xml version="1.0" encoding="UTF-8"?>
<!-- Generated by org.testng.reporters.JUnitReportReporter -->
<testsuite skipped="0" hostname="DESKTOP-ENLG37R" name="practice.Testasmainmethod4" tests="6" failures="0" timestamp="17 Nov 2023 12:03:37 GMT" time="0.012" errors="0">
  <testcase name="loginDB" time="0.008" classname="practice.Testasmainmethod4"/>
  <testcase name="loginBankAccount" time="0.001" classname="practice.Testasmainmethod4"/>
  <testcase name="b_Enterdateofbirth" time="0.001" classname="practice.Testasmainmethod4"/>
  <testcase name="a_EnterUsername" time="0.000" classname="practice.Testasmainmethod4"/>
  <testcase name="EnterPassword" time="0.001" classname="practice.Testasmainmethod4"/>
  <testcase name="ClickLogin" time="0.001" classname="practice.Testasmainmethod4"/>
</testsuite> <!-- practice.Testasmainmethod4 -->
