<?xml version="1.0" encoding="UTF-8"?>
<!-- Generated by org.testng.reporters.JUnitReportReporter -->
<testsuite skipped="0" hostname="DESKTOP-ENLG37R" name="practice.Testasmainmethod3" tests="12" failures="0" timestamp="17 Nov 2023 11:53:26 GMT" time="0.021" errors="0">
  <testcase name="Gatherdetails" time="0.009" classname="practice.Testasmainmethod3"/>
  <testcase name="Gotobank" time="0.002" classname="practice.Testasmainmethod3"/>
  <testcase name="loginDB" time="0.002" classname="practice.Testasmainmethod3"/>
  <testcase name="loginBankAccount" time="0.001" classname="practice.Testasmainmethod3"/>
  <testcase name="a_EnterUsername" time="0.001" classname="practice.Testasmainmethod3"/>
  <testcase name="b_Enterdateofbirth" time="0.001" classname="practice.Testasmainmethod3"/>
  <testcase name="EnterPassword" time="0.001" classname="practice.Testasmainmethod3"/>
  <testcase name="EnterPassword" time="0.001" classname="practice.Testasmainmethod3"/>
  <testcase name="EnterPassword" time="0.001" classname="practice.Testasmainmethod3"/>
  <testcase name="EnterPassword" time="0.001" classname="practice.Testasmainmethod3"/>
  <testcase name="EnterPassword" time="0.001" classname="practice.Testasmainmethod3"/>
  <testcase name="ClickLogin" time="0.000" classname="practice.Testasmainmethod3"/>
</testsuite> <!-- practice.Testasmainmethod3 -->
