<?xml version="1.0" encoding="UTF-8"?>
<!-- Generated by org.testng.reporters.JUnitReportReporter -->
<testsuite skipped="0" hostname="DESKTOP-ENLG37R" name="includeexclude.IncludeExcludetest" tests="4" failures="0" timestamp="27 Nov 2023 09:13:52 GMT" time="0.013" errors="0">
  <testcase name="loginBankAccount" time="0.009" classname="includeexclude.IncludeExcludetest"/>
  <testcase name="a_EnterUsername" time="0.001" classname="includeexclude.IncludeExcludetest"/>
  <testcase name="EnterPassword" time="0.002" classname="includeexclude.IncludeExcludetest"/>
  <testcase name="ClickLogin" time="0.001" classname="includeexclude.IncludeExcludetest"/>
</testsuite> <!-- includeexclude.IncludeExcludetest -->
