<?xml version="1.0" encoding="UTF-8"?>
<!-- Generated by org.testng.reporters.JUnitReportReporter -->
<testsuite skipped="0" hostname="DESKTOP-ENLG37R" name="practice.Prioritytest2" tests="1" failures="0" timestamp="28 Nov 2023 14:10:53 GMT" time="0.008" errors="0">
  <testcase name="loginDB" time="0.008" classname="practice.Prioritytest2"/>
</testsuite> <!-- practice.Prioritytest2 -->
